{"/Users/maryjerely.laguda/Desktop/trainosys/trainosys-amkor-resources/unit-testing/App.js": {"path":"/Users/maryjerely.laguda/Desktop/trainosys/trainosys-amkor-resources/unit-testing/App.js","statementMap":{"0":{"start":{"line":5,"column":2},"end":{"line":10,"column":4}},"1":{"start":{"line":13,"column":15},"end":{"line":20,"column":2}}},"fnMap":{"0":{"name":"App","decl":{"start":{"line":4,"column":24},"end":{"line":4,"column":27}},"loc":{"start":{"line":4,"column":30},"end":{"line":11,"column":1}},"line":4}},"branchMap":{},"s":{"0":1,"1":1},"f":{"0":1},"b":{},"_coverageSchema":"1a1c01bbd47fc00a2c39e90264f33305004495a9","hash":"ad92ff25646c42cc19a9f1287b5b55009e03f6a5"}
,"/Users/maryjerely.laguda/Desktop/trainosys/trainosys-amkor-resources/unit-testing/index.js": {"path":"/Users/maryjerely.laguda/Desktop/trainosys/trainosys-amkor-resources/unit-testing/index.js","statementMap":{"0":{"start":{"line":8,"column":0},"end":{"line":8,"column":27}}},"fnMap":{},"branchMap":{},"s":{"0":0},"f":{},"b":{}}
,"/Users/maryjerely.laguda/Desktop/trainosys/trainosys-amkor-resources/unit-testing/components/MyButton.js": {"path":"/Users/maryjerely.laguda/Desktop/trainosys/trainosys-amkor-resources/unit-testing/components/MyButton.js","statementMap":{"0":{"start":{"line":3,"column":17},"end":{"line":7,"column":1}},"1":{"start":{"line":4,"column":2},"end":{"line":6,"column":4}}},"fnMap":{"0":{"name":"(anonymous_0)","decl":{"start":{"line":3,"column":17},"end":{"line":3,"column":18}},"loc":{"start":{"line":3,"column":28},"end":{"line":7,"column":1}},"line":3}},"branchMap":{},"s":{"0":1,"1":1},"f":{"0":1},"b":{},"_coverageSchema":"1a1c01bbd47fc00a2c39e90264f33305004495a9","hash":"ad7c3aa48cd9b4dc3543d93fdf34c95a14b0f800"}
,"/Users/maryjerely.laguda/Desktop/trainosys/trainosys-amkor-resources/unit-testing/components/MyGreetings.js": {"path":"/Users/maryjerely.laguda/Desktop/trainosys/trainosys-amkor-resources/unit-testing/components/MyGreetings.js","statementMap":{"0":{"start":{"line":3,"column":20},"end":{"line":16,"column":1}},"1":{"start":{"line":5,"column":19},"end":{"line":12,"column":3}},"2":{"start":{"line":6,"column":4},"end":{"line":10,"column":5}},"3":{"start":{"line":7,"column":6},"end":{"line":7,"column":23}},"4":{"start":{"line":8,"column":11},"end":{"line":10,"column":5}},"5":{"start":{"line":9,"column":6},"end":{"line":9,"column":20}},"6":{"start":{"line":11,"column":4},"end":{"line":11,"column":19}},"7":{"start":{"line":15,"column":2},"end":{"line":15,"column":50}}},"fnMap":{"0":{"name":"(anonymous_0)","decl":{"start":{"line":3,"column":20},"end":{"line":3,"column":21}},"loc":{"start":{"line":3,"column":31},"end":{"line":16,"column":1}},"line":3},"1":{"name":"(anonymous_1)","decl":{"start":{"line":5,"column":19},"end":{"line":5,"column":20}},"loc":{"start":{"line":5,"column":25},"end":{"line":12,"column":3}},"line":5}},"branchMap":{"0":{"loc":{"start":{"line":6,"column":4},"end":{"line":10,"column":5}},"type":"if","locations":[{"start":{"line":6,"column":4},"end":{"line":10,"column":5}},{"start":{"line":8,"column":11},"end":{"line":10,"column":5}}],"line":6},"1":{"loc":{"start":{"line":8,"column":11},"end":{"line":10,"column":5}},"type":"if","locations":[{"start":{"line":8,"column":11},"end":{"line":10,"column":5}},{"start":{},"end":{}}],"line":8}},"s":{"0":1,"1":3,"2":3,"3":1,"4":2,"5":1,"6":1,"7":3},"f":{"0":3,"1":3},"b":{"0":[1,2],"1":[1,1]},"_coverageSchema":"1a1c01bbd47fc00a2c39e90264f33305004495a9","hash":"6c13da3eac5bc65a81a83aa1efe79bfa7fc4e33a"}
,"/Users/maryjerely.laguda/Desktop/trainosys/trainosys-amkor-resources/unit-testing/components/sample.js": {"path":"/Users/maryjerely.laguda/Desktop/trainosys/trainosys-amkor-resources/unit-testing/components/sample.js","statementMap":{"0":{"start":{"line":5,"column":40},"end":{"line":5,"column":59}},"1":{"start":{"line":7,"column":2},"end":{"line":13,"column":9}},"2":{"start":{"line":8,"column":4},"end":{"line":12,"column":9}},"3":{"start":{"line":9,"column":26},"end":{"line":9,"column":41}},"4":{"start":{"line":11,"column":8},"end":{"line":11,"column":29}},"5":{"start":{"line":15,"column":2},"end":{"line":17,"column":3}},"6":{"start":{"line":16,"column":4},"end":{"line":16,"column":35}},"7":{"start":{"line":19,"column":2},"end":{"line":23,"column":4}}},"fnMap":{"0":{"name":"(anonymous_0)","decl":{"start":{"line":4,"column":25},"end":{"line":4,"column":26}},"loc":{"start":{"line":4,"column":31},"end":{"line":24,"column":1}},"line":4},"1":{"name":"(anonymous_1)","decl":{"start":{"line":7,"column":12},"end":{"line":7,"column":13}},"loc":{"start":{"line":7,"column":18},"end":{"line":13,"column":3}},"line":7},"2":{"name":"(anonymous_2)","decl":{"start":{"line":9,"column":12},"end":{"line":9,"column":13}},"loc":{"start":{"line":9,"column":26},"end":{"line":9,"column":41}},"line":9},"3":{"name":"(anonymous_3)","decl":{"start":{"line":10,"column":12},"end":{"line":10,"column":13}},"loc":{"start":{"line":10,"column":22},"end":{"line":12,"column":7}},"line":10}},"branchMap":{"0":{"loc":{"start":{"line":15,"column":2},"end":{"line":17,"column":3}},"type":"if","locations":[{"start":{"line":15,"column":2},"end":{"line":17,"column":3}},{"start":{},"end":{}}],"line":15},"1":{"loc":{"start":{"line":19,"column":9},"end":{"line":23,"column":3}},"type":"cond-expr","locations":[{"start":{"line":20,"column":4},"end":{"line":20,"column":38}},{"start":{"line":22,"column":4},"end":{"line":22,"column":30}}],"line":19}},"s":{"0":6,"1":6,"2":3,"3":3,"4":3,"5":6,"6":3,"7":3},"f":{"0":6,"1":3,"2":3,"3":3},"b":{"0":[3,3],"1":[1,2]},"_coverageSchema":"1a1c01bbd47fc00a2c39e90264f33305004495a9","hash":"9565c746c7b38f08a5218184d9ee8c696e976fd5"}
}
